C:\USERS\FUSCUS\DESKTOP\EASYHOOK SOURCE\ENGINE\ENGINE\X64\RELEASE\TEXTURESHADERCLASS.OBJ
C:\USERS\FUSCUS\DESKTOP\EASYHOOK SOURCE\ENGINE\ENGINE\X64\RELEASE\TEXTURECLASS.OBJ
C:\USERS\FUSCUS\DESKTOP\EASYHOOK SOURCE\ENGINE\ENGINE\X64\RELEASE\SYSTEMCLASS.OBJ
C:\USERS\FUSCUS\DESKTOP\EASYHOOK SOURCE\ENGINE\ENGINE\X64\RELEASE\RENDERTEXTURECLASS.OBJ
C:\USERS\FUSCUS\DESKTOP\EASYHOOK SOURCE\ENGINE\ENGINE\X64\RELEASE\MODELCLASS.OBJ
C:\USERS\FUSCUS\DESKTOP\EASYHOOK SOURCE\ENGINE\ENGINE\X64\RELEASE\MAIN.OBJ
C:\USERS\FUSCUS\DESKTOP\EASYHOOK SOURCE\ENGINE\ENGINE\X64\RELEASE\LIGHTSHADERCLASS.OBJ
C:\USERS\FUSCUS\DESKTOP\EASYHOOK SOURCE\ENGINE\ENGINE\X64\RELEASE\LIGHTCLASS.OBJ
C:\USERS\FUSCUS\DESKTOP\EASYHOOK SOURCE\ENGINE\ENGINE\X64\RELEASE\INPUTCLASS.OBJ
C:\USERS\FUSCUS\DESKTOP\EASYHOOK SOURCE\ENGINE\ENGINE\X64\RELEASE\GRAPHICSCLASS.OBJ
C:\USERS\FUSCUS\DESKTOP\EASYHOOK SOURCE\ENGINE\ENGINE\X64\RELEASE\DEBUGWINDOWCLASS.OBJ
C:\USERS\FUSCUS\DESKTOP\EASYHOOK SOURCE\ENGINE\ENGINE\X64\RELEASE\D3DCLASS.OBJ
C:\USERS\FUSCUS\DESKTOP\EASYHOOK SOURCE\ENGINE\ENGINE\X64\RELEASE\CAMERACLASS.OBJ
C:\USERS\FUSCUS\DESKTOP\EASYHOOK SOURCE\ENGINE\ENGINE\X64\RELEASE\VC110.PDB
C:\USERS\FUSCUS\DESKTOP\EASYHOOK SOURCE\DXTEST\ENGINE.EXE
C:\USERS\FUSCUS\DESKTOP\EASYHOOK SOURCE\DXTEST\ENGINE.PDB
C:\Users\Fuscus\Desktop\EasyHook Source\Engine\Engine\x64\Release\cameraclass.obj
C:\Users\Fuscus\Desktop\EasyHook Source\Engine\Engine\x64\Release\d3dclass.obj
C:\Users\Fuscus\Desktop\EasyHook Source\Engine\Engine\x64\Release\debugwindowclass.obj
C:\Users\Fuscus\Desktop\EasyHook Source\Engine\Engine\x64\Release\graphicsclass.obj
C:\Users\Fuscus\Desktop\EasyHook Source\Engine\Engine\x64\Release\inputclass.obj
C:\Users\Fuscus\Desktop\EasyHook Source\Engine\Engine\x64\Release\lightclass.obj
C:\Users\Fuscus\Desktop\EasyHook Source\Engine\Engine\x64\Release\lightshaderclass.obj
C:\Users\Fuscus\Desktop\EasyHook Source\Engine\Engine\x64\Release\main.obj
C:\Users\Fuscus\Desktop\EasyHook Source\Engine\Engine\x64\Release\modelclass.obj
C:\Users\Fuscus\Desktop\EasyHook Source\Engine\Engine\x64\Release\rendertextureclass.obj
C:\Users\Fuscus\Desktop\EasyHook Source\Engine\Engine\x64\Release\systemclass.obj
C:\Users\Fuscus\Desktop\EasyHook Source\Engine\Engine\x64\Release\textureclass.obj
C:\Users\Fuscus\Desktop\EasyHook Source\Engine\Engine\x64\Release\textureshaderclass.obj
C:\Users\Fuscus\Desktop\EasyHook Source\Engine\Engine\x64\Release\cl.command.1.tlog
C:\Users\Fuscus\Desktop\EasyHook Source\Engine\Engine\x64\Release\CL.read.1.tlog
C:\Users\Fuscus\Desktop\EasyHook Source\Engine\Engine\x64\Release\CL.write.1.tlog
C:\Users\Fuscus\Desktop\EasyHook Source\Engine\Engine\x64\Release\link-cvtres.read.1.tlog
C:\Users\Fuscus\Desktop\EasyHook Source\Engine\Engine\x64\Release\link-cvtres.write.1.tlog
C:\Users\Fuscus\Desktop\EasyHook Source\Engine\Engine\x64\Release\link-rc.read.1.tlog
C:\Users\Fuscus\Desktop\EasyHook Source\Engine\Engine\x64\Release\link-rc.write.1.tlog
C:\Users\Fuscus\Desktop\EasyHook Source\Engine\Engine\x64\Release\link.command.1.tlog
C:\Users\Fuscus\Desktop\EasyHook Source\Engine\Engine\x64\Release\link.read.1.tlog
C:\Users\Fuscus\Desktop\EasyHook Source\Engine\Engine\x64\Release\link.read.3.tlog
C:\Users\Fuscus\Desktop\EasyHook Source\Engine\Engine\x64\Release\link.write.1.tlog
C:\Users\Fuscus\Desktop\EasyHook Source\Engine\Engine\x64\Release\vc110.pdb
C:\Users\Fuscus\Desktop\EasyHook Source\DXtest\Engine.pdb
C:\Users\Fuscus\Desktop\EasyHook Source\DXtest\Engine.exe
