c:\users\fuscus\desktop\easyhook source\engine\engine\x64\debug\vc120.pdb
c:\users\fuscus\desktop\easyhook source\engine\engine\x64\debug\textureshaderclass.obj
c:\users\fuscus\desktop\easyhook source\engine\engine\x64\debug\textureclass.obj
c:\users\fuscus\desktop\easyhook source\engine\engine\x64\debug\systemclass.obj
c:\users\fuscus\desktop\easyhook source\engine\engine\x64\debug\rendertextureclass.obj
c:\users\fuscus\desktop\easyhook source\engine\engine\x64\debug\modelclass.obj
c:\users\fuscus\desktop\easyhook source\engine\engine\x64\debug\main.obj
c:\users\fuscus\desktop\easyhook source\engine\engine\x64\debug\lightshaderclass.obj
c:\users\fuscus\desktop\easyhook source\engine\engine\x64\debug\lightclass.obj
c:\users\fuscus\desktop\easyhook source\engine\engine\x64\debug\inputclass.obj
c:\users\fuscus\desktop\easyhook source\engine\engine\x64\debug\graphicsclass.obj
c:\users\fuscus\desktop\easyhook source\engine\engine\x64\debug\debugwindowclass.obj
c:\users\fuscus\desktop\easyhook source\engine\engine\x64\debug\d3dclass.obj
c:\users\fuscus\desktop\easyhook source\engine\engine\x64\debug\cameraclass.obj
c:\users\fuscus\desktop\easyhook source\engine\engine\x64\debug\engine.ilk
c:\users\fuscus\desktop\easyhook source\engine\engine\x64\debug\engine.exe
c:\users\fuscus\desktop\easyhook source\engine\engine\x64\debug\engine.pdb
c:\users\fuscus\desktop\easyhook source\engine\engine\.\x64\debug\engine.exe
c:\users\fuscus\desktop\easyhook source\engine\engine\x64\debug\engine.tlog\cl.command.1.tlog
c:\users\fuscus\desktop\easyhook source\engine\engine\x64\debug\engine.tlog\cl.read.1.tlog
c:\users\fuscus\desktop\easyhook source\engine\engine\x64\debug\engine.tlog\cl.write.1.tlog
c:\users\fuscus\desktop\easyhook source\engine\engine\x64\debug\engine.tlog\link.command.1.tlog
c:\users\fuscus\desktop\easyhook source\engine\engine\x64\debug\engine.tlog\link.read.1.tlog
c:\users\fuscus\desktop\easyhook source\engine\engine\x64\debug\engine.tlog\link.write.1.tlog
